<?xml version="1.0" encoding="UTF-8"?>
<!-- Generated by org.testng.reporters.JUnitReportReporter -->
<testsuite hostname="LAPTOP-OQ9NE1BK" failures="0" tests="9" name="maven.Elementex" time="0.090" errors="0" timestamp="2022-07-29T10:41:25 IST" skipped="8">
  <testcase classname="maven.Elementex" name="testcase9" time="0.090"/>
  <system-out/>
  <testcase classname="maven.Elementex" name="testcase8">
    <skipped/>
  </testcase> <!-- testcase8 -->
  <system-out/>
  <testcase classname="maven.Elementex" name="testcase7">
    <skipped/>
  </testcase> <!-- testcase7 -->
  <system-out/>
  <testcase classname="maven.Elementex" name="testcase2">
    <skipped/>
  </testcase> <!-- testcase2 -->
  <system-out/>
  <testcase classname="maven.Elementex" name="testcase4">
    <skipped/>
  </testcase> <!-- testcase4 -->
  <system-out/>
  <testcase classname="maven.Elementex" name="testcase5">
    <skipped/>
  </testcase> <!-- testcase5 -->
  <system-out/>
  <testcase classname="maven.Elementex" name="f">
    <skipped/>
  </testcase> <!-- f -->
  <system-out/>
  <testcase classname="maven.Elementex" name="testcase1">
    <skipped/>
  </testcase> <!-- testcase1 -->
  <system-out/>
  <testcase classname="maven.Elementex" name="testcase6">
    <skipped/>
  </testcase> <!-- testcase6 -->
  <system-out/>
</testsuite> <!-- maven.Elementex -->
