<?xml version="1.0" encoding="UTF-8"?>
<!-- Generated by org.testng.reporters.JUnitReportReporter -->
<testsuite skipped="0" hostname="LAPTOP-OQ9NE1BK" name="maven.testdemo" tests="1" failures="0" timestamp="2022-08-01T14:58:58 IST" time="0.013" errors="0">
  <testcase name="f" time="0.013" classname="maven.testdemo"/>
  <system-out/>
</testsuite> <!-- maven.testdemo -->
