<?xml version="1.0" encoding="UTF-8"?>
<!-- Generated by org.testng.reporters.JUnitReportReporter -->
<testsuite skipped="2" hostname="LAPTOP-OQ9NE1BK" name="maven.Wintest" tests="3" failures="0" timestamp="2022-08-02T19:55:51 IST" time="26.092" errors="0">
  <testcase name="case2" time="26.092" classname="maven.Wintest"/>
  <system-out/>
  <testcase name="f" classname="maven.Wintest">
    <skipped/>
  </testcase> <!-- f -->
  <system-out/>
  <testcase name="testc1" classname="maven.Wintest">
    <skipped/>
  </testcase> <!-- testc1 -->
  <system-out/>
</testsuite> <!-- maven.Wintest -->
