<?xml version="1.0" encoding="UTF-8"?>
<!-- Generated by org.testng.reporters.JUnitReportReporter -->
<testsuite hostname="LAPTOP-OQ9NE1BK" failures="0" tests="1" name="maven.Testingtable" time="22.447" errors="0" timestamp="2022-07-31T16:48:41 IST" skipped="0">
  <testcase classname="maven.Testingtable" name="f" time="22.447"/>
  <system-out/>
</testsuite> <!-- maven.Testingtable -->
