<?xml version="1.0" encoding="UTF-8"?>
<!-- Generated by org.testng.reporters.JUnitReportReporter -->
<testsuite hostname="LAPTOP-OQ9NE1BK" failures="0" tests="1" name="maven.NewTest" time="11.872" errors="0" timestamp="2022-07-21T20:27:21 IST" skipped="0">
  <testcase classname="maven.NewTest" name="f" time="11.872"/>
  <system-out/>
</testsuite> <!-- maven.NewTest -->
