<?xml version="1.0" encoding="UTF-8"?>
<!-- Generated by org.testng.reporters.JUnitReportReporter -->
<testsuite hostname="LAPTOP-OQ9NE1BK" failures="0" tests="1" name="maven.Exampletable" time="0.489" errors="0" timestamp="2022-08-01T09:40:11 IST" skipped="0">
  <testcase classname="maven.Exampletable" name="f" time="0.489"/>
  <system-out/>
</testsuite> <!-- maven.Exampletable -->
