<?xml version="1.0" encoding="UTF-8"?>
<!-- Generated by org.testng.reporters.JUnitReportReporter -->
<testsuite hostname="LAPTOP-OQ9NE1BK" failures="0" tests="1" name="maven.Elearning2" time="24.048" errors="0" timestamp="2022-07-26T21:46:19 IST" skipped="0">
  <testcase classname="maven.Elearning2" name="f" time="24.048"/>
  <system-out/>
</testsuite> <!-- maven.Elearning2 -->
